<?xml version="1.0" encoding="UTF-8"?>
<testng-results ignored="0" total="1" passed="1" failed="0" skipped="0">
  <reporter-output>
  </reporter-output>
  <suite started-at="2024-11-02T16:55:42Z" name="Default suite" finished-at="2024-11-02T16:55:43Z" duration-ms="908">
    <groups>
    </groups>
    <test started-at="2024-11-02T16:55:42Z" name="Default test" finished-at="2024-11-02T16:55:43Z" duration-ms="908">
      <class name="com.API.testing.HttpPatchMethodServerTesting">
        <test-method signature="getPatch()[pri:0, instance:com.API.testing.HttpPatchMethodServerTesting@530712d]" started-at="2024-11-02T16:55:42Z" name="getPatch" finished-at="2024-11-02T16:55:43Z" duration-ms="892" status="PASS">
          <reporter-output>
          </reporter-output>
        </test-method> <!-- getPatch -->
      </class> <!-- com.API.testing.HttpPatchMethodServerTesting -->
    </test> <!-- Default test -->
  </suite> <!-- Default suite -->
</testng-results>
