<?xml version="1.0" encoding="UTF-8"?>
<testng-results ignored="0" total="1" passed="1" failed="0" skipped="0">
  <reporter-output>
  </reporter-output>
  <suite started-at="2024-10-17T01:21:10Z" name="Default suite" finished-at="2024-10-17T01:21:12Z" duration-ms="1724">
    <groups>
      <group name="cucumber">
        <method signature="AbstractTestNGCucumberTests.runScenario(io.cucumber.testng.PickleWrapper, io.cucumber.testng.FeatureWrapper)[pri:0, instance:com.runner.RunnerAllFeatures@7642df8f]" name="runScenario" class="io.cucumber.testng.AbstractTestNGCucumberTests"/>
      </group> <!-- cucumber -->
    </groups>
    <test started-at="2024-10-17T01:21:10Z" name="Default test" finished-at="2024-10-17T01:21:12Z" duration-ms="1724">
      <class name="com.runner.RunnerAllFeatures">
        <test-method is-config="true" signature="setup()[pri:0, instance:com.runner.RunnerAllFeatures@7642df8f]" started-at="2024-10-17T01:21:10Z" name="setup" finished-at="2024-10-17T01:21:10Z" duration-ms="6" status="PASS">
          <reporter-output>
          </reporter-output>
        </test-method> <!-- setup -->
        <test-method is-config="true" signature="setUpClass()[pri:0, instance:com.runner.RunnerAllFeatures@7642df8f]" started-at="2024-10-17T01:21:10Z" name="setUpClass" finished-at="2024-10-17T01:21:11Z" duration-ms="343" status="PASS">
          <reporter-output>
          </reporter-output>
        </test-method> <!-- setUpClass -->
        <test-method signature="runScenario(io.cucumber.testng.PickleWrapper, io.cucumber.testng.FeatureWrapper)[pri:0, instance:com.runner.RunnerAllFeatures@7642df8f]" started-at="2024-10-17T01:21:11Z" name="runScenario" description="Runs Cucumber Scenarios" data-provider="scenarios" finished-at="2024-10-17T01:21:11Z" duration-ms="137" status="PASS">
          <params>
            <param index="0">
              <value>
                <![CDATA["As a user, I want to login to the Parabank site with valid  credentials,"]]>
              </value>
            </param>
            <param index="1">
              <value>
                <![CDATA["Optional[Parabank login testing]"]]>
              </value>
            </param>
          </params>
          <reporter-output>
          </reporter-output>
        </test-method> <!-- runScenario -->
        <test-method is-config="true" signature="tearDownClass()[pri:0, instance:com.runner.RunnerAllFeatures@7642df8f]" started-at="2024-10-17T01:21:11Z" name="tearDownClass" finished-at="2024-10-17T01:21:12Z" duration-ms="1223" status="PASS">
          <reporter-output>
          </reporter-output>
        </test-method> <!-- tearDownClass -->
      </class> <!-- com.runner.RunnerAllFeatures -->
    </test> <!-- Default test -->
  </suite> <!-- Default suite -->
</testng-results>
